
____________________________________________________________
   Diagnostic Information

Number of variables: 2

Functions 
Objective and gradient:               optimize/obj
Hessian:                              finite-differencing (or Quasi-Newton)
Nonlinear constraints and gradient:   optimize/con

Constraints
Number of nonlinear inequality constraints: 3
Number of nonlinear equality constraints:   0
 
Number of linear inequality constraints:    0
Number of linear equality constraints:      0
Number of lower bound constraints:          2
Number of upper bound constraints:          2

Algorithm selected
   active-set


____________________________________________________________
   End diagnostic information

                                Max     Line search  Directional  First-order 
 Iter F-count        f(x)   constraint   steplength   derivative   optimality Procedure 
    0      1   -0.0464341       0.8571                                         Infeasible start point
    1      3    -0.593993      -0.1654            1       -0.084      3.3e+03   
    2      5    -0.607653      -0.1727            1      -0.0185       0.0535  Hessian modified twice  
    3      7    -0.839436      -0.1437            1      -0.0187       0.0321  Hessian modified  
    4      9     -0.85503    -0.004513            1     -0.00814       0.0115   
    5     11     -0.85577   -4.479e-06            1     -0.00938       0.0141   
    6     13    -0.870254    0.0006384            1      -0.0148        0.011  Hessian modified  
    7     15     -1.03914       0.2137            1      -0.0118       0.0127  Hessian modified  
    8     17     -1.02281     0.001222            1       0.0171       0.0152  Hessian modified  
    9     19      -1.0386     0.002213            1      -0.0126      0.00855  Hessian modified  
   10     21     -1.05581      0.01156            1      -0.0089      0.00156   
   11     23     -1.05457    5.584e-05            1      0.00404     0.000214   
   12     25     -1.05456    1.269e-06            1     0.000101     6.98e-06  Hessian modified  
   13     27     -1.05456    1.087e-09            1     0.000144     2.11e-09  Hessian modified  
Active inequalities (to within options.ConstraintTolerance = 1e-06):
  lower      upper     ineqlin   ineqnonlin
                                     2

Optimization completed: The first-order optimality measure, 2.107406e-09, is less
than options.OptimalityTolerance = 1.000000e-06, and the maximum constraint violation,
1.086800e-09,is less than options.ConstraintTolerance = 1.000000e-06.

